<?xml version="1.0" encoding="UTF-8"?>
<!-- Generated by org.testng.reporters.JUnitXMLReporter -->
<testsuite ignored="0" hostname="LTIN508057" failures="0" tests="6" name="ChromeTest" time="100.309" errors="0" timestamp="2024-11-09T06:03:38 IST">
  <testcase classname="Test.Testng" name="HomePagesearch" time="28.269"/>
  <testcase classname="Test.Testng" name="searchResults" time="0.17"/>
  <testcase classname="Test.Testng" name="deSelect" time="10.288"/>
  <testcase classname="Test.Testng" name="languagesandLevels" time="17.738"/>
  <testcase classname="Test.Testng" name="Navigate" time="27.531"/>
  <testcase classname="Test.Testng" name="form" time="7.484"/>
</testsuite> <!-- ChromeTest -->
