<?xml version="1.0" encoding="UTF-8"?>
<!-- Generated by org.testng.reporters.JUnitXMLReporter -->
<testsuite ignored="0" hostname="LTIN508057" failures="0" tests="6" name="ChromeTest" time="67.646" errors="0" timestamp="2024-11-08T17:08:01 IST">
  <testcase classname="Test.Testng" name="HomePagesearch" time="12.732"/>
  <testcase classname="Test.Testng" name="searchResults" time="0.347"/>
  <testcase classname="Test.Testng" name="deSelect" time="8.262"/>
  <testcase classname="Test.Testng" name="languagesandLevels" time="17.753"/>
  <testcase classname="Test.Testng" name="Navigate" time="7.898"/>
  <testcase classname="Test.Testng" name="form" time="6.933"/>
</testsuite> <!-- ChromeTest -->
