<?xml version="1.0" encoding="UTF-8"?>
<testng-results ignored="0" total="6" passed="6" failed="0" skipped="0">
  <reporter-output>
  </reporter-output>
  <suite started-at="2024-11-09T06:01:57 IST" name="Suite" finished-at="2024-11-09T06:03:38 IST" duration-ms="100309">
    <groups>
    </groups>
    <test started-at="2024-11-09T06:01:57 IST" name="ChromeTest" finished-at="2024-11-09T06:03:38 IST" duration-ms="100309">
      <class name="Test.Testng">
        <test-method is-config="true" signature="URL(java.lang.String)[pri:0, instance:Test.Testng@2c5529ab]" started-at="2024-11-09T06:01:58 IST" name="URL" finished-at="2024-11-09T06:02:05 IST" duration-ms="7563" status="PASS">
          <params>
            <param index="0">
              <value>
                <![CDATA[chrome]]>
              </value>
            </param>
          </params>
          <reporter-output>
          </reporter-output>
        </test-method> <!-- URL -->
        <test-method signature="HomePagesearch()[pri:1, instance:Test.Testng@2c5529ab]" started-at="2024-11-09T06:02:05 IST" name="HomePagesearch" finished-at="2024-11-09T06:02:34 IST" duration-ms="28269" status="PASS">
          <reporter-output>
          </reporter-output>
        </test-method> <!-- HomePagesearch -->
        <test-method signature="searchResults()[pri:2, instance:Test.Testng@2c5529ab]" started-at="2024-11-09T06:02:34 IST" name="searchResults" finished-at="2024-11-09T06:02:34 IST" depends-on-methods="Test.Testng.HomePagesearch" duration-ms="170" status="PASS">
          <reporter-output>
          </reporter-output>
        </test-method> <!-- searchResults -->
        <test-method signature="deSelect()[pri:3, instance:Test.Testng@2c5529ab]" started-at="2024-11-09T06:02:34 IST" name="deSelect" finished-at="2024-11-09T06:02:44 IST" duration-ms="10288" status="PASS">
          <reporter-output>
          </reporter-output>
        </test-method> <!-- deSelect -->
        <test-method signature="languagesandLevels()[pri:4, instance:Test.Testng@2c5529ab]" started-at="2024-11-09T06:02:44 IST" name="languagesandLevels" finished-at="2024-11-09T06:03:02 IST" depends-on-methods="Test.Testng.searchResults, Test.Testng.HomePagesearch" duration-ms="17738" status="PASS">
          <reporter-output>
          </reporter-output>
        </test-method> <!-- languagesandLevels -->
        <test-method signature="Navigate()[pri:5, instance:Test.Testng@2c5529ab]" started-at="2024-11-09T06:03:02 IST" name="Navigate" finished-at="2024-11-09T06:03:29 IST" duration-ms="27531" status="PASS">
          <reporter-output>
          </reporter-output>
        </test-method> <!-- Navigate -->
        <test-method signature="form(java.lang.String,java.lang.String,java.lang.String,java.lang.String,java.lang.String,java.lang.String,java.lang.String,java.lang.String,java.lang.String,java.lang.String,java.lang.String)[pri:6, instance:Test.Testng@2c5529ab]" started-at="2024-11-09T06:03:30 IST" name="form" data-provider="formdetails" finished-at="2024-11-09T06:03:38 IST" duration-ms="7484" status="PASS">
          <params>
            <param index="0">
              <value>
                <![CDATA[Vaishnavi]]>
              </value>
            </param>
            <param index="1">
              <value>
                <![CDATA[C A S]]>
              </value>
            </param>
            <param index="2">
              <value>
                <![CDATA[casvaish2001@gmail.com]]>
              </value>
            </param>
            <param index="3">
              <value>
                <![CDATA[9840653895]]>
              </value>
            </param>
            <param index="4">
              <value>
                <![CDATA[Graduate or Professional School]]>
              </value>
            </param>
            <param index="5">
              <value>
                <![CDATA[Jerusalem]]>
              </value>
            </param>
            <param index="6">
              <value>
                <![CDATA[Student]]>
              </value>
            </param>
            <param index="7">
              <value>
                <![CDATA[Student Affairs]]>
              </value>
            </param>
            <param index="8">
              <value>
                <![CDATA[Courses for myself]]>
              </value>
            </param>
            <param index="9">
              <value>
                <![CDATA[India]]>
              </value>
            </param>
            <param index="10">
              <value>
                <![CDATA[Tamil Nadu]]>
              </value>
            </param>
          </params>
          <reporter-output>
          </reporter-output>
        </test-method> <!-- form -->
        <test-method is-config="true" signature="close()[pri:0, instance:Test.Testng@2c5529ab]" started-at="2024-11-09T06:03:38 IST" name="close" finished-at="2024-11-09T06:03:38 IST" duration-ms="1" status="PASS">
          <reporter-output>
          </reporter-output>
        </test-method> <!-- close -->
      </class> <!-- Test.Testng -->
    </test> <!-- ChromeTest -->
  </suite> <!-- Suite -->
</testng-results>
